#
# There is insufficient memory for the Java Runtime Environment to continue.
# Native memory allocation (mmap) failed to map 134217728 bytes for G1 virtual space
# Possible reasons:
#   The system is out of physical RAM or swap space
#   The process is running with CompressedOops enabled, and the Java Heap may be blocking the growth of the native heap
# Possible solutions:
#   Reduce memory load on the system
#   Increase physical memory or swap space
#   Check if swap backing store is full
#   Decrease Java heap size (-Xmx/-Xms)
#   Decrease number of Java threads
#   Decrease Java thread stack sizes (-Xss)
#   Set larger code cache with -XX:ReservedCodeCacheSize=
#   JVM is running with Unscaled Compressed Oops mode in which the Java heap is
#     placed in the first 4GB address space. The Java Heap base address is the
#     maximum limit for the native heap growth. Please use -XX:HeapBaseMinAddress
#     to set the Java Heap base and to place the Java Heap above 4GB virtual address.
# This output file may be truncated or incomplete.
#
#  Out of Memory Error (os_windows.cpp:3548), pid=2348, tid=1680
#
# JRE version:  (17.0.5+8) (build )
# Java VM: OpenJDK 64-Bit Server VM (17.0.5+8, mixed mode, emulated-client, sharing, tiered, compressed oops, compressed class ptrs, g1 gc, windows-amd64)
# No core dump will be written. Minidumps are not enabled by default on client versions of Windows
#

---------------  S U M M A R Y ------------

Command Line: -Dcom.sun.management.jmxremote -Dcom.sun.management.jmxremote.port=63406 -Dcom.sun.management.jmxremote.authenticate=false -Dcom.sun.management.jmxremote.ssl=false -Djava.rmi.server.hostname=localhost -Dspring.jmx.enabled=true -Dmanagement.endpoints.jmx.exposure.include=* -Dspring.application.admin.enabled=true -XX:TieredStopAtLevel=1 -Dspring.boot.project.name=springboot-cakeshop-backend -Dfile.encoding=UTF-8 -XX:+ShowCodeDetailsInExceptionMessages net.javaspringbootcakeshopbackend.SpringbootCakeshopBackendApplication --spring.output.ansi.enabled=always

Host: Intel(R) Core(TM) i3-4005U CPU @ 1.70GHz, 4 cores, 7G,  Windows 8.1 , 64 bit Build 9600 (6.3.9600.17415)
Time: Thu Jan 19 15:20:48 2023 India Standard Time elapsed time: 1.568599 seconds (0d 0h 0m 1s)

---------------  T H R E A D  ---------------

Current thread (0x000000f8363ee6e0):  JavaThread "Unknown thread" [_thread_in_vm, id=1680, stack(0x000000f835a80000,0x000000f835b80000)]

Stack: [0x000000f835a80000,0x000000f835b80000]
Native frames: (J=compiled Java code, j=interpreted, Vv=VM code, C=native code)
V  [jvm.dll+0x676b3a]
V  [jvm.dll+0x831444]
V  [jvm.dll+0x832bee]
V  [jvm.dll+0x833253]
V  [jvm.dll+0x244ce5]
V  [jvm.dll+0x673a49]
V  [jvm.dll+0x66811a]
V  [jvm.dll+0x303ceb]
V  [jvm.dll+0x30b1e6]
V  [jvm.dll+0x35adbe]
V  [jvm.dll+0x35afef]
V  [jvm.dll+0x2dab88]
V  [jvm.dll+0x2dbaf4]
V  [jvm.dll+0x803121]
V  [jvm.dll+0x368bb1]
V  [jvm.dll+0x7e265c]
V  [jvm.dll+0x3eb17f]
V  [jvm.dll+0x3eccc1]
C  [jli.dll+0x5267]
C  [ucrtbase.DLL+0x1c1ae]
C  [KERNEL32.DLL+0x13d2]
C  [ntdll.dll+0x154e4]


---------------  P R O C E S S  ---------------

Threads class SMR info:
_java_thread_list=0x00007fffc3bc2f18, length=0, elements={
}

Java Threads: ( => current thread )

Other Threads:
  0x000000f8364498a0 GCTaskThread "GC Thread#0" [stack: 0x000000f836090000,0x000000f836190000] [id=12792]
  0x000000f83645a4e0 ConcurrentGCThread "G1 Main Marker" [stack: 0x000000f836190000,0x000000f836290000] [id=5576]
  0x000000f83645c7c0 ConcurrentGCThread "G1 Conc#0" [stack: 0x000000f8415b0000,0x000000f8416b0000] [id=7672]

[error occurred during error reporting (printing all threads), id 0xc0000005, EXCEPTION_ACCESS_VIOLATION (0xc0000005) at pc=0x00007fffc339b617]

VM state: not at safepoint (not fully initialized)

VM Mutex/Monitor currently owned by a thread:  ([mutex/lock_event])
[0x000000f8363e9e50] Heap_lock - owner thread: 0x000000f8363ee6e0

Heap address: 0x0000000081800000, size: 2024 MB, Compressed Oops mode: 32-bit

CDS archive(s) mapped at: [0x0000000000000000-0x0000000000000000-0x0000000000000000), size 0, SharedBaseAddress: 0x0000000800000000, ArchiveRelocationMode: 0.
Narrow klass base: 0x0000000000000000, Narrow klass shift: 0, Narrow klass range: 0x0

GC Precious Log:
<Empty>

Heap:
 garbage-first heap   total 0K, used 0K [0x0000000081800000, 0x0000000100000000)
  region size 1024K, 0 young (0K), 0 survivors (0K)

[error occurred during error reporting (printing heap information), id 0xc0000005, EXCEPTION_ACCESS_VIOLATION (0xc0000005) at pc=0x00007fffc377fcb9]

GC Heap History (0 events):
No events

Dll operation events (1 events):
Event: 0.045 Loaded shared library E:\springboot\sts-4.17.0.RELEASE\plugins\org.eclipse.justj.openjdk.hotspot.jre.full.win32.x86_64_17.0.5.v20221102-0933\jre\bin\java.dll

Deoptimization events (0 events):
No events

Classes unloaded (0 events):
No events

Classes redefined (0 events):
No events

Internal exceptions (0 events):
No events

VM Operations (0 events):
No events

Events (0 events):
No events


Dynamic libraries:
0x00007ff6cec40000 - 0x00007ff6cec4e000 	E:\springboot\sts-4.17.0.RELEASE\plugins\org.eclipse.justj.openjdk.hotspot.jre.full.win32.x86_64_17.0.5.v20221102-0933\jre\bin\javaw.exe
0x00007ff800aa0000 - 0x00007ff800c4d000 	C:\Windows\SYSTEM32\ntdll.dll
0x00007ffffe970000 - 0x00007ffffeaae000 	C:\Windows\system32\KERNEL32.DLL
0x00007ffffdcd0000 - 0x00007ffffdde5000 	C:\Windows\system32\KERNELBASE.dll
0x00007ffff9be0000 - 0x00007ffff9bf7000 	E:\springboot\sts-4.17.0.RELEASE\plugins\org.eclipse.justj.openjdk.hotspot.jre.full.win32.x86_64_17.0.5.v20221102-0933\jre\bin\jli.dll
0x00007ffff8460000 - 0x00007ffff8479000 	E:\springboot\sts-4.17.0.RELEASE\plugins\org.eclipse.justj.openjdk.hotspot.jre.full.win32.x86_64_17.0.5.v20221102-0933\jre\bin\VCRUNTIME140.dll
0x00007ffffa800000 - 0x00007ffffa804000 	E:\springboot\sts-4.17.0.RELEASE\plugins\org.eclipse.justj.openjdk.hotspot.jre.full.win32.x86_64_17.0.5.v20221102-0933\jre\bin\api-ms-win-crt-stdio-l1-1-0.dll
0x00007ffff9f70000 - 0x00007ffff9f74000 	E:\springboot\sts-4.17.0.RELEASE\plugins\org.eclipse.justj.openjdk.hotspot.jre.full.win32.x86_64_17.0.5.v20221102-0933\jre\bin\api-ms-win-crt-runtime-l1-1-0.dll
0x00007ffff9bd0000 - 0x00007ffff9bd3000 	E:\springboot\sts-4.17.0.RELEASE\plugins\org.eclipse.justj.openjdk.hotspot.jre.full.win32.x86_64_17.0.5.v20221102-0933\jre\bin\api-ms-win-crt-environment-l1-1-0.dll
0x00007ffff9a60000 - 0x00007ffff9a65000 	E:\springboot\sts-4.17.0.RELEASE\plugins\org.eclipse.justj.openjdk.hotspot.jre.full.win32.x86_64_17.0.5.v20221102-0933\jre\bin\api-ms-win-crt-math-l1-1-0.dll
0x00007ffff8450000 - 0x00007ffff8453000 	E:\springboot\sts-4.17.0.RELEASE\plugins\org.eclipse.justj.openjdk.hotspot.jre.full.win32.x86_64_17.0.5.v20221102-0933\jre\bin\api-ms-win-crt-locale-l1-1-0.dll
0x00007ffff8440000 - 0x00007ffff8443000 	E:\springboot\sts-4.17.0.RELEASE\plugins\org.eclipse.justj.openjdk.hotspot.jre.full.win32.x86_64_17.0.5.v20221102-0933\jre\bin\api-ms-win-crt-heap-l1-1-0.dll
0x00007ffffa890000 - 0x00007ffffab0b000 	C:\Windows\WinSxS\amd64_microsoft.windows.common-controls_6595b64144ccf1df_6.0.9600.18006_none_623f33d3ecbe86e8\COMCTL32.dll
0x00007ffffe7f0000 - 0x00007ffffe967000 	C:\Windows\system32\USER32.dll
0x00007ffff8430000 - 0x00007ffff8433000 	E:\springboot\sts-4.17.0.RELEASE\plugins\org.eclipse.justj.openjdk.hotspot.jre.full.win32.x86_64_17.0.5.v20221102-0933\jre\bin\api-ms-win-crt-filesystem-l1-1-0.dll
0x00007ffff8420000 - 0x00007ffff8424000 	E:\springboot\sts-4.17.0.RELEASE\plugins\org.eclipse.justj.openjdk.hotspot.jre.full.win32.x86_64_17.0.5.v20221102-0933\jre\bin\api-ms-win-crt-string-l1-1-0.dll
0x00007ffff8410000 - 0x00007ffff8414000 	E:\springboot\sts-4.17.0.RELEASE\plugins\org.eclipse.justj.openjdk.hotspot.jre.full.win32.x86_64_17.0.5.v20221102-0933\jre\bin\api-ms-win-crt-convert-l1-1-0.dll
0x00007ff8009f0000 - 0x00007ff800a9a000 	C:\Windows\system32\msvcrt.dll
0x00007ff8008a0000 - 0x00007ff8009ef000 	C:\Windows\system32\GDI32.dll
0x00007fffe2a80000 - 0x00007fffe2b7a000 	E:\springboot\sts-4.17.0.RELEASE\plugins\org.eclipse.justj.openjdk.hotspot.jre.full.win32.x86_64_17.0.5.v20221102-0933\jre\bin\ucrtbase.DLL
0x00007ffffe360000 - 0x00007ffffe396000 	C:\Windows\system32\IMM32.DLL
0x00007ffffe410000 - 0x00007ffffe562000 	C:\Windows\system32\MSCTF.dll
0x00007ffff7c00000 - 0x00007ffff7c0c000 	E:\springboot\sts-4.17.0.RELEASE\plugins\org.eclipse.justj.openjdk.hotspot.jre.full.win32.x86_64_17.0.5.v20221102-0933\jre\bin\vcruntime140_1.dll
0x00007fffe1c00000 - 0x00007fffe1c91000 	E:\springboot\sts-4.17.0.RELEASE\plugins\org.eclipse.justj.openjdk.hotspot.jre.full.win32.x86_64_17.0.5.v20221102-0933\jre\bin\msvcp140.dll
0x00007ffff5760000 - 0x00007ffff5763000 	E:\springboot\sts-4.17.0.RELEASE\plugins\org.eclipse.justj.openjdk.hotspot.jre.full.win32.x86_64_17.0.5.v20221102-0933\jre\bin\api-ms-win-crt-time-l1-1-0.dll
0x00007ffff4f10000 - 0x00007ffff4f13000 	E:\springboot\sts-4.17.0.RELEASE\plugins\org.eclipse.justj.openjdk.hotspot.jre.full.win32.x86_64_17.0.5.v20221102-0933\jre\bin\api-ms-win-crt-utility-l1-1-0.dll
0x00007fffc30b0000 - 0x00007fffc3cf4000 	E:\springboot\sts-4.17.0.RELEASE\plugins\org.eclipse.justj.openjdk.hotspot.jre.full.win32.x86_64_17.0.5.v20221102-0933\jre\bin\server\jvm.dll
0x00007ffffe2b0000 - 0x00007ffffe35a000 	C:\Windows\system32\ADVAPI32.dll
0x00007fffea6b0000 - 0x00007fffea6b9000 	C:\Windows\SYSTEM32\WSOCK32.dll
0x00007ffff81d0000 - 0x00007ffff81f2000 	C:\Windows\SYSTEM32\WINMM.dll
0x00007ffffba60000 - 0x00007ffffba6a000 	C:\Windows\SYSTEM32\VERSION.dll
0x00007ffffe250000 - 0x00007ffffe2a9000 	C:\Windows\SYSTEM32\sechost.dll
0x00007ffffe110000 - 0x00007ffffe250000 	C:\Windows\system32\RPCRT4.dll
0x00007ff8000d0000 - 0x00007ff80012a000 	C:\Windows\system32\WS2_32.dll
0x00007ffff81a0000 - 0x00007ffff81ca000 	C:\Windows\SYSTEM32\WINMMBASE.dll
0x00007ffffdea0000 - 0x00007ffffdece000 	C:\Windows\system32\SspiCli.dll
0x00007ff800890000 - 0x00007ff800899000 	C:\Windows\system32\NSI.dll
0x00007ffffe0b0000 - 0x00007ffffe0ff000 	C:\Windows\SYSTEM32\cfgmgr32.dll
0x00007ffffc960000 - 0x00007ffffc988000 	C:\Windows\SYSTEM32\DEVOBJ.dll
0x00007ffffbf50000 - 0x00007ffffbf5a000 	E:\springboot\sts-4.17.0.RELEASE\plugins\org.eclipse.justj.openjdk.hotspot.jre.full.win32.x86_64_17.0.5.v20221102-0933\jre\bin\jimage.dll
0x00007fffe9590000 - 0x00007fffe9719000 	C:\Windows\SYSTEM32\DBGHELP.DLL
0x00007ffff4ae0000 - 0x00007ffff4b05000 	E:\springboot\sts-4.17.0.RELEASE\plugins\org.eclipse.justj.openjdk.hotspot.jre.full.win32.x86_64_17.0.5.v20221102-0933\jre\bin\java.dll

dbghelp: loaded successfully - version: 4.0.5 - missing functions: none
symbol engine: initialized successfully - sym options: 0x614 - pdb path: .;E:\springboot\sts-4.17.0.RELEASE\plugins\org.eclipse.justj.openjdk.hotspot.jre.full.win32.x86_64_17.0.5.v20221102-0933\jre\bin;C:\Windows\SYSTEM32;C:\Windows\WinSxS\amd64_microsoft.windows.common-controls_6595b64144ccf1df_6.0.9600.18006_none_623f33d3ecbe86e8;E:\springboot\sts-4.17.0.RELEASE\plugins\org.eclipse.justj.openjdk.hotspot.jre.full.win32.x86_64_17.0.5.v20221102-0933\jre\bin\server

VM Arguments:
jvm_args: -Dcom.sun.management.jmxremote -Dcom.sun.management.jmxremote.port=63406 -Dcom.sun.management.jmxremote.authenticate=false -Dcom.sun.management.jmxremote.ssl=false -Djava.rmi.server.hostname=localhost -Dspring.jmx.enabled=true -Dmanagement.endpoints.jmx.exposure.include=* -Dspring.application.admin.enabled=true -XX:TieredStopAtLevel=1 -Dspring.boot.project.name=springboot-cakeshop-backend -Dfile.encoding=UTF-8 -XX:+ShowCodeDetailsInExceptionMessages 
java_command: net.javaspringbootcakeshopbackend.SpringbootCakeshopBackendApplication --spring.output.ansi.enabled=always
java_class_path (initial): C:\Users\Dell\Documents\workspace-spring-tool-suite-4-4.17.0.RELEASE\springboot-cakeshop-backend\target\classes;C:\Users\Dell\.m2\repository\org\springframework\boot\spring-boot-starter-data-jpa\3.0.1\spring-boot-starter-data-jpa-3.0.1.jar;C:\Users\Dell\.m2\repository\org\springframework\boot\spring-boot-starter-aop\3.0.1\spring-boot-starter-aop-3.0.1.jar;C:\Users\Dell\.m2\repository\org\springframework\spring-aop\6.0.3\spring-aop-6.0.3.jar;C:\Users\Dell\.m2\repository\org\aspectj\aspectjweaver\1.9.19\aspectjweaver-1.9.19.jar;C:\Users\Dell\.m2\repository\org\springframework\boot\spring-boot-starter-jdbc\3.0.1\spring-boot-starter-jdbc-3.0.1.jar;C:\Users\Dell\.m2\repository\com\zaxxer\HikariCP\5.0.1\HikariCP-5.0.1.jar;C:\Users\Dell\.m2\repository\org\springframework\spring-jdbc\6.0.3\spring-jdbc-6.0.3.jar;C:\Users\Dell\.m2\repository\org\hibernate\orm\hibernate-core\6.1.6.Final\hibernate-core-6.1.6.Final.jar;C:\Users\Dell\.m2\repository\jakarta\persistence\jakarta.persistence-api\3.1.0\jakarta.persistence-api-3.1.0.jar;C:\Users\Dell\.m2\repository\jakarta\transaction\jakarta.transaction-api\2.0.1\jakarta.transaction-api-2.0.1.jar;C:\Users\Dell\.m2\repository\org\jboss\logging\jboss-logging\3.5.0.Final\jboss-logging-3.5.0.Final.jar;C:\Users\Dell\.m2\repository\org\hibernate\common\hibernate-commons-annotations\6.0.2.Final\hibernate-commons-annotations-6.0.2.Final.jar;C:\Users\Dell\.m2\repository\org\jboss\jandex\2.4.2.Final\jandex-2.4.2.Final.jar;C:\Users\Dell\.m2\repository\com\fasterxml\classmate\1.5.1\classmate-1.5.1.jar;C:\Users\Dell\.m2\repository\net\bytebuddy\byte-buddy\1.12.20\byte-buddy-1.12.20.jar;C:\Users\Dell\.m2\repository\org\glassfish\jaxb\jaxb-runtime\4.0.1\jaxb-runtime-4.0.1.jar;C:\Users\Dell\.m2\repository\org\glassfish\jaxb\jaxb-core\4.0.1\jaxb-core-4.0.1.jar;C:\Users\Dell\.m2\repository\org\eclipse\angus\angus-activation\1.0.0\angus-activation-1.0.0.jar;C:\Users\Dell\.m2\repository\org\glassfish\jaxb\txw2\4.0.1\txw2-4.0.
Launcher Type: SUN_STANDARD

[Global flags]
     intx CICompilerCount                          = 3                                         {product} {ergonomic}
     uint ConcGCThreads                            = 1                                         {product} {ergonomic}
     uint G1ConcRefinementThreads                  = 4                                         {product} {ergonomic}
   size_t G1HeapRegionSize                         = 1048576                                   {product} {ergonomic}
    uintx GCDrainStackTargetSize                   = 64                                        {product} {ergonomic}
   size_t InitialHeapSize                          = 134217728                                 {product} {ergonomic}
     bool ManagementServer                         = true                                      {product} {command line}
   size_t MarkStackSize                            = 4194304                                   {product} {ergonomic}
   size_t MaxHeapSize                              = 2122317824                                {product} {ergonomic}
   size_t MinHeapDeltaBytes                        = 1048576                                   {product} {ergonomic}
   size_t MinHeapSize                              = 8388608                                   {product} {ergonomic}
    uintx NonProfiledCodeHeapSize                  = 0                                      {pd product} {ergonomic}
     bool ProfileInterpreter                       = false                                  {pd product} {command line}
    uintx ProfiledCodeHeapSize                     = 0                                      {pd product} {ergonomic}
     bool ShowCodeDetailsInExceptionMessages       = true                                   {manageable} {command line}
   size_t SoftMaxHeapSize                          = 2122317824                             {manageable} {ergonomic}
     intx TieredStopAtLevel                        = 1                                         {product} {command line}
     bool UseCompressedClassPointers               = true                           {product lp64_product} {ergonomic}
     bool UseCompressedOops                        = true                           {product lp64_product} {ergonomic}
     bool UseG1GC                                  = true                                      {product} {ergonomic}
     bool UseLargePagesIndividualAllocation        = false                                  {pd product} {ergonomic}

Logging:
Log output configuration:
 #0: stdout all=warning uptime,level,tags
 #1: stderr all=off uptime,level,tags

Environment Variables:
PATH=E:/springboot/sts-4.17.0.RELEASE//plugins/org.eclipse.justj.openjdk.hotspot.jre.full.win32.x86_64_17.0.5.v20221102-0933/jre/bin/server;E:/springboot/sts-4.17.0.RELEASE//plugins/org.eclipse.justj.openjdk.hotspot.jre.full.win32.x86_64_17.0.5.v20221102-0933/jre/bin;C:\Program Files (x86)\NVIDIA Corporation\PhysX\Common;C:\Program Files\Common Files\Oracle\Java\javapath;C:\Program Files\MySQL\MySQL Server 8.0\bin;C:\Program Files\Microsoft SQL Server\Client SDK\ODBC\110\Tools\Binn\;C:\Program Files (x86)\Microsoft SQL Server\120\Tools\Binn\;C:\Program Files\Microsoft SQL Server\120\Tools\Binn\;C:\Program Files\Microsoft SQL Server\120\DTS\Binn\;C:\Program Files (x86)\Windows Kits\8.1\Windows Performance Toolkit\;C:\Program Files\nodejs\;C:\Program Files\MySQL\MySQL Shell 8.0\bin\;E:\Microsoft VS Code\bin;C:\Users\Dell\AppData\Roaming\npm;E:\springboot\sts-4.17.0.RELEASE;
USERNAME=Dell
OS=Windows_NT
PROCESSOR_IDENTIFIER=Intel64 Family 6 Model 69 Stepping 1, GenuineIntel
TMP=C:\Users\Dell\AppData\Local\Temp
TEMP=C:\Users\Dell\AppData\Local\Temp



---------------  S Y S T E M  ---------------

OS:
 Windows 8.1 , 64 bit Build 9600 (6.3.9600.17415)
OS uptime: 6 days 15:49 hours

CPU: total 4 (initial active 4) (2 cores per cpu, 2 threads per core) family 6 model 69 stepping 1 microcode 0x24, cx8, cmov, fxsr, ht, mmx, sse, sse2, sse3, ssse3, sse4.1, sse4.2, popcnt, lzcnt, tsc, tscinvbit, avx, avx2, aes, erms, clmul, bmi1, bmi2, fma, vzeroupper, clflush

Memory: 4k page, system-wide physical 8095M (989M free)
TotalPageFile size 11167M (AvailPageFile size 28M)
current process WorkingSet (physical memory assigned to process): 9M, peak: 9M
current process commit charge ("private bytes"): 46M, peak: 174M

vm_info: OpenJDK 64-Bit Server VM (17.0.5+8) for windows-amd64 JRE (17.0.5+8), built on Oct 19 2022 04:48:13 by "temurin" with MS VC++ 16.7 (VS2019)

END.
